2026-07-21T10:47:27Z INF Thank you for trying Cloudflare Tunnel. Doing so, without a Cloudflare account, is a quick way to experiment and try it out. However, be aware that these account-less Tunnels have no uptime guarantee, are subject to the Cloudflare Online Services Terms of Use (https://www.cloudflare.com/website-terms/), and Cloudflare reserves the right to investigate your use of Tunnels for violations of such terms. If you intend to use Tunnels in production you should use a pre-created named tunnel by following: https://developers.cloudflare.com/cloudflare-one/connections/connect-apps
2026-07-21T10:47:27Z INF Requesting new quick Tunnel on trycloudflare.com...
2026-07-21T10:47:31Z INF +--------------------------------------------------------------------------------------------+
2026-07-21T10:47:31Z INF |  Your quick Tunnel has been created! Visit it at (it may take some time to be reachable):  |
2026-07-21T10:47:31Z INF |  https://pac-storage-mandate-plain.trycloudflare.com                                       |
2026-07-21T10:47:31Z INF +--------------------------------------------------------------------------------------------+
2026-07-21T10:47:31Z INF Cannot determine default configuration path. No file [config.yml config.yaml] in [~/.cloudflared ~/.cloudflare-warp ~/cloudflare-warp]
2026-07-21T10:47:31Z INF Version 2026.6.1 (Checksum 5253e66f1f493c4e13539749f1aa86fd0c61e3072900fec29a44ba046a6d97e2)
2026-07-21T10:47:31Z INF GOOS: windows, GOVersion: go1.26.4, GoArch: amd64
2026-07-21T10:47:31Z INF Settings: map[ha-connections:1 protocol:quic url:http://localhost:3009]
2026-07-21T10:47:31Z INF cloudflared will not automatically update on Windows systems.
2026-07-21T10:47:31Z INF Generated Connector ID: acc91143-aaa0-4da2-8b89-c116fea79a13
2026-07-21T10:47:31Z INF Initial protocol quic
2026-07-21T10:47:31Z INF ICMP proxy will use 192.168.88.185 as source for IPv4
2026-07-21T10:47:31Z INF ICMP proxy will use fe80::37e6:6783:7bf8:b4a2 in zone Wi-Fi as source for IPv6
2026-07-21T10:47:31Z INF cloudflared does not support loading the system root certificate pool on Windows. Please use --origin-ca-pool <PATH> to specify the path to the certificate pool
2026-07-21T10:47:31Z INF ICMP proxy will use 192.168.88.185 as source for IPv4
2026-07-21T10:47:31Z INF Tunnel connection curve preferences: [X25519MLKEM768 CurveID(65074) CurveP256] connIndex=0 event=0 ip=198.41.200.43
2026-07-21T10:47:31Z INF ICMP proxy will use fe80::37e6:6783:7bf8:b4a2 in zone Wi-Fi as source for IPv6
2026-07-21T10:47:31Z INF Starting metrics server on 127.0.0.1:20241/metrics
2026-07-21T10:47:31Z INF +-------------------------------------------------------------------------------------+
2026-07-21T10:47:31Z INF |                               CONNECTIVITY PRE-CHECKS                               |
2026-07-21T10:47:31Z INF +-------------------------------------------------------------------------------------+
2026-07-21T10:47:31Z INF |  COMPONENT         TARGET                     STATUS  DETAILS                       |
2026-07-21T10:47:31Z INF |  DNS Resolution    region1.v2.argotunnel.com  PASS    DNS Resolved successfully     |
2026-07-21T10:47:31Z INF |  DNS Resolution    region2.v2.argotunnel.com  PASS    DNS Resolved successfully     |
2026-07-21T10:47:31Z INF |  UDP Connectivity  region1.v2.argotunnel.com  PASS    QUIC connection successful    |
2026-07-21T10:47:31Z INF |  UDP Connectivity  region2.v2.argotunnel.com  PASS    QUIC connection successful    |
2026-07-21T10:47:31Z INF |  TCP Connectivity  region1.v2.argotunnel.com  PASS    HTTP/2 connection successful  |
2026-07-21T10:47:31Z INF |  TCP Connectivity  region2.v2.argotunnel.com  PASS    HTTP/2 connection successful  |
2026-07-21T10:47:31Z INF |  Cloudflare API    api.cloudflare.com:443     PASS    API is reachable              |
2026-07-21T10:47:31Z INF |                                                                                     |
2026-07-21T10:47:31Z INF |  SUMMARY: Environment is healthy. cloudflared will use 'quic' as primary protocol.  |
2026-07-21T10:47:31Z INF +-------------------------------------------------------------------------------------+
2026-07-21T10:47:31Z INF precheck component="DNS Resolution" details="DNS Resolved successfully" run_id=6d91ef0c-b653-4cb7-8f75-d3033e85d5a9 status=pass target=region1.v2.argotunnel.com
2026-07-21T10:47:31Z INF precheck component="DNS Resolution" details="DNS Resolved successfully" run_id=6d91ef0c-b653-4cb7-8f75-d3033e85d5a9 status=pass target=region2.v2.argotunnel.com
2026-07-21T10:47:31Z INF precheck component="UDP Connectivity" details="QUIC connection successful" run_id=6d91ef0c-b653-4cb7-8f75-d3033e85d5a9 status=pass target=region1.v2.argotunnel.com
2026-07-21T10:47:31Z INF precheck component="UDP Connectivity" details="QUIC connection successful" run_id=6d91ef0c-b653-4cb7-8f75-d3033e85d5a9 status=pass target=region2.v2.argotunnel.com
2026-07-21T10:47:31Z INF precheck component="TCP Connectivity" details="HTTP/2 connection successful" run_id=6d91ef0c-b653-4cb7-8f75-d3033e85d5a9 status=pass target=region1.v2.argotunnel.com
2026-07-21T10:47:31Z INF precheck component="TCP Connectivity" details="HTTP/2 connection successful" run_id=6d91ef0c-b653-4cb7-8f75-d3033e85d5a9 status=pass target=region2.v2.argotunnel.com
2026-07-21T10:47:31Z INF precheck component="Cloudflare API" details="API is reachable" run_id=6d91ef0c-b653-4cb7-8f75-d3033e85d5a9 status=pass target=api.cloudflare.com:443
2026-07-21T10:47:31Z INF precheck complete hard_fail=false run_id=6d91ef0c-b653-4cb7-8f75-d3033e85d5a9 suggested_protocol=quic
2026-07-21T10:47:32Z INF Registered tunnel connection connIndex=0 connection=690af9f8-b9b2-45b4-bfae-4f726d62b2b7 event=0 ip=198.41.200.43 location=hkg13 protocol=quic
